#
# A fatal error has been detected by the Java Runtime Environment:
#
#  EXCEPTION_ACCESS_VIOLATION (0xc0000005) at pc=0x0000000055e27ce9, pid=9268, tid=9384
#
# JRE version: 7.0_25-b17
# Java VM: Java HotSpot(TM) 64-Bit Server VM (23.25-b01 mixed mode windows-amd64 compressed oops)
# Problematic frame:
# V  [jvm.dll+0x37ce9]
#
# Failed to write core dump. Minidumps are not enabled by default on client versions of Windows
#
# If you would like to submit a bug report, please visit:
#   http://bugreport.sun.com/bugreport/crash.jsp
#

---------------  T H R E A D  ---------------

Current thread (0x000000000b7e0800):  JavaThread "JDWP Transport Listener: dt_socket" daemon [_thread_in_vm, id=9384, stack(0x000000000d210000,0x000000000d310000)]

siginfo: ExceptionCode=0xc0000005, reading address 0x000000000000000c

Registers:
RAX=0x000000000000000c, RBX=0x000000000b7e0800, RCX=0x0000000000000003, RDX=0x0000000000000000
RSP=0x000000000d30f090, RBP=0x000000000000000c, RSI=0x0000000000000000, RDI=0x0000000000000010
R8 =0x00000007d6af4558, R9 =0x0000000000000000, R10=0x0000000000000000, R11=0x0000000000000001
R12=0x0000000000000000, R13=0x0000000000000000, R14=0x0000000000000000, R15=0x0000000000000000
RIP=0x0000000055e27ce9, EFLAGS=0x0000000000010246

Top of Stack: (sp=0x000000000d30f090)
0x000000000d30f090:   000000000b7e0800 0000000000000000
0x000000000d30f0a0:   0000000000000000 000000000b7e0800
0x000000000d30f0b0:   0000000000000000 0000000055ee2e14
0x000000000d30f0c0:   00000007d6af4558 000000000d30f1e0
0x000000000d30f0d0:   000000000dcd36f0 000000000d30f1b0
0x000000000d30f0e0:   000000000b7e0800 0000000000000000
0x000000000d30f0f0:   000000000dcd36f0 000000000d30f1e0
0x000000000d30f100:   0000000000000000 0000000000000000
0x000000000d30f110:   000000000b7e09d8 0000000058a47d15
0x000000000d30f120:   000000000d30f1b0 000000000d30f1e0
0x000000000d30f130:   000000000dcd36f0 000000000b7e09d8
0x000000000d30f140:   000000001038790a 0000000058a4f09c
0x000000000d30f150:   0000000055010a01 000000000d30f250
0x000000000d30f160:   000000000b7c7501 000000000b7c7501
0x000000000d30f170:   0000650200000013 0000000055010a00
0x000000000d30f180:   000000000dd92320 0000000000000000 

Instructions: (pc=0x0000000055e27ce9)
0x0000000055e27cc9:   d2 48 8b c5 eb 18 48 8b d0 48 8b c5 48 d3 e2 48
0x0000000055e27cd9:   03 15 31 38 61 00 eb 06 48 8b 12 48 8b c7 48 98
0x0000000055e27ce9:   8b 14 10 85 d2 74 2a 45 84 db 4c 63 c6 48 0f 45
0x0000000055e27cf9:   fd 8d 47 0b 48 63 c8 48 83 e1 f8 48 c1 e9 03 8d 


Register to memory mapping:

RAX=0x000000000000000c is an unknown value
RBX=0x000000000b7e0800 is a thread
RCX=0x0000000000000003 is an unknown value
RDX=0x0000000000000000 is an unknown value
RSP=0x000000000d30f090 is pointing into the stack for thread: 0x000000000b7e0800
RBP=0x000000000000000c is an unknown value
RSI=0x0000000000000000 is an unknown value
RDI=0x0000000000000010 is an unknown value
R8 =0x00000007d6af4558 is an oop
java.lang.String 
 - klass: 'java/lang/String'
R9 =0x0000000000000000 is an unknown value
R10=0x0000000000000000 is an unknown value
R11=0x0000000000000001 is an unknown value
R12=0x0000000000000000 is an unknown value
R13=0x0000000000000000 is an unknown value
R14=0x0000000000000000 is an unknown value
R15=0x0000000000000000 is an unknown value


Stack: [0x000000000d210000,0x000000000d310000],  sp=0x000000000d30f090,  free space=1020k
Native frames: (J=compiled Java code, j=interpreted, Vv=VM code, C=native code)
V  [jvm.dll+0x37ce9]


---------------  P R O C E S S  ---------------

Java Threads: ( => current thread )
  0x000000000dcec800 JavaThread "TimerQueue" daemon [_thread_blocked, id=9452, stack(0x00000000101a0000,0x00000000102a0000)]
  0x000000000219a000 JavaThread "DestroyJavaVM" [_thread_blocked, id=9332, stack(0x00000000024b0000,0x00000000025b0000)]
  0x000000000dc9a800 JavaThread "AWT-EventQueue-0" [_thread_blocked, id=9440, stack(0x000000000ebd0000,0x000000000ecd0000)]
  0x000000000db73000 JavaThread "AWT-Windows" daemon [_thread_in_native, id=9436, stack(0x000000000e440000,0x000000000e540000)]
  0x000000000db70000 JavaThread "AWT-Shutdown" [_thread_blocked, id=9432, stack(0x000000000e200000,0x000000000e300000)]
  0x000000000db6f800 JavaThread "Java2D Disposer" daemon [_thread_blocked, id=9428, stack(0x000000000df90000,0x000000000e090000)]
  0x000000000b7ff800 JavaThread "Service Thread" daemon [_thread_blocked, id=9420, stack(0x000000000d910000,0x000000000da10000)]
  0x000000000b7f6800 JavaThread "C2 CompilerThread1" daemon [_thread_blocked, id=9416, stack(0x000000000c840000,0x000000000c940000)]
  0x000000000b7f3000 JavaThread "C2 CompilerThread0" daemon [_thread_blocked, id=9412, stack(0x000000000d7e0000,0x000000000d8e0000)]
  0x000000000b7e6800 JavaThread "JDWP Command Reader" daemon [_thread_in_native, id=9400, stack(0x000000000d6d0000,0x000000000d7d0000)]
  0x000000000b7e3800 JavaThread "JDWP Event Helper Thread" daemon [_thread_blocked, id=9396, stack(0x000000000d5c0000,0x000000000d6c0000)]
=>0x000000000b7e0800 JavaThread "JDWP Transport Listener: dt_socket" daemon [_thread_in_vm, id=9384, stack(0x000000000d210000,0x000000000d310000)]
  0x000000000b7cd800 JavaThread "Attach Listener" daemon [_thread_blocked, id=9372, stack(0x000000000cbf0000,0x000000000ccf0000)]
  0x000000000b7c6000 JavaThread "Signal Dispatcher" daemon [_thread_blocked, id=9368, stack(0x000000000ccf0000,0x000000000cdf0000)]
  0x000000000225c800 JavaThread "Finalizer" daemon [_thread_blocked, id=9364, stack(0x000000000ca60000,0x000000000cb60000)]
  0x0000000002255000 JavaThread "Reference Handler" daemon [_thread_blocked, id=9360, stack(0x000000000c960000,0x000000000ca60000)]

Other Threads:
  0x000000000b742000 VMThread [stack: 0x000000000c740000,0x000000000c840000] [id=9356]
  0x000000000da2b000 WatcherThread [stack: 0x000000000de30000,0x000000000df30000] [id=9424]

VM state:not at safepoint (normal execution)

VM Mutex/Monitor currently owned by a thread: None

Heap
 PSYoungGen      total 37632K, used 13000K [0x00000007d60b0000, 0x00000007d8aa0000, 0x0000000800000000)
  eden space 32320K, 40% used [0x00000007d60b0000,0x00000007d6d62288,0x00000007d8040000)
  from space 5312K, 0% used [0x00000007d8570000,0x00000007d8570000,0x00000007d8aa0000)
  to   space 5312K, 0% used [0x00000007d8040000,0x00000007d8040000,0x00000007d8570000)
 ParOldGen       total 85952K, used 0K [0x0000000782200000, 0x00000007875f0000, 0x00000007d60b0000)
  object space 85952K, 0% used [0x0000000782200000,0x0000000782200000,0x00000007875f0000)
 PSPermGen       total 21248K, used 13210K [0x000000077d000000, 0x000000077e4c0000, 0x0000000782200000)
  object space 21248K, 62% used [0x000000077d000000,0x000000077dce68c8,0x000000077e4c0000)

Card table byte_map: [0x00000000055b0000,0x00000000059d0000] byte_map_base: 0x00000000019c8000

Polling page: 0x0000000000330000

Code Cache  [0x00000000025b0000, 0x0000000002820000, 0x00000000055b0000)
 total_blobs=501 nmethods=69 adapters=391 free_code_cache=48515Kb largest_free_block=49655296

Compilation events (10 events):
Event: 12.825 Thread 0x000000000b7f3000   63             java.util.concurrent.locks.AbstractOwnableSynchronizer::getExclusiveOwnerThread (5 bytes)
Event: 12.825 Thread 0x000000000b7f3000 nmethod 63 0x000000000264bc90 code [0x000000000264bdc0, 0x000000000264be38]
Event: 12.854 Thread 0x000000000b7f6800   64             java.awt.Component::inside (30 bytes)
Event: 12.855 Thread 0x000000000b7f6800 nmethod 64 0x000000000264ba90 code [0x000000000264bbc0, 0x000000000264bc38]
Event: 13.104 Thread 0x000000000b7f6800   65             javax.swing.JComponent::contains (27 bytes)
Event: 13.105 Thread 0x000000000b7f6800 nmethod 65 0x000000000264b850 code [0x000000000264b980, 0x000000000264ba18]
Event: 14.735 Thread 0x000000000b7f6800   66             java.awt.AWTEvent::getID (5 bytes)
Event: 14.735 Thread 0x000000000b7f6800 nmethod 66 0x000000000264b650 code [0x000000000264b780, 0x000000000264b7d8]
Event: 14.737 Thread 0x000000000b7f6800   67             java.lang.String::endsWith (17 bytes)
Event: 14.739 Thread 0x000000000b7f6800 nmethod 67 0x000000000264d0d0 code [0x000000000264d220, 0x000000000264d498]

GC Heap History (0 events):
No events

Deoptimization events (0 events):
No events

Internal exceptions (10 events):
Event: 2.991 Thread 0x000000000dc9a800 Threw 0x00000007d695f0f8 at C:\jdk7u2_64p\jdk7u25\hotspot\src\share\vm\prims\jvm.cpp:1235
Event: 2.991 Thread 0x000000000dc9a800 Threw 0x00000007d6968f40 at C:\jdk7u2_64p\jdk7u25\hotspot\src\share\vm\prims\jvm.cpp:1235
Event: 2.992 Thread 0x000000000dc9a800 Threw 0x00000007d6972f68 at C:\jdk7u2_64p\jdk7u25\hotspot\src\share\vm\prims\jvm.cpp:1235
Event: 2.993 Thread 0x000000000dc9a800 Threw 0x00000007d697c190 at C:\jdk7u2_64p\jdk7u25\hotspot\src\share\vm\prims\jvm.cpp:1235
Event: 2.993 Thread 0x000000000dc9a800 Threw 0x00000007d69854c0 at C:\jdk7u2_64p\jdk7u25\hotspot\src\share\vm\prims\jvm.cpp:1235
Event: 2.994 Thread 0x000000000dc9a800 Threw 0x00000007d698dad8 at C:\jdk7u2_64p\jdk7u25\hotspot\src\share\vm\prims\jvm.cpp:1235
Event: 3.007 Thread 0x000000000dc9a800 Threw 0x00000007d69a9960 at C:\jdk7u2_64p\jdk7u25\hotspot\src\share\vm\prims\jvm.cpp:1235
Event: 3.015 Thread 0x000000000dc9a800 Threw 0x00000007d69cc690 at C:\jdk7u2_64p\jdk7u25\hotspot\src\share\vm\prims\jvm.cpp:1235
Event: 3.071 Thread 0x000000000dc9a800 Threw 0x00000007d6a503a8 at C:\jdk7u2_64p\jdk7u25\hotspot\src\share\vm\prims\jvm.cpp:1235
Event: 15.802 Thread 0x000000000dc9a800 Threw 0x00000007d6af4318 at C:\jdk7u2_64p\jdk7u25\hotspot\src\share\vm\interpreter\interpreterRuntime.cpp:347

Events (10 events):
Event: 103.828 Executing VM operation: ChangeSingleStep
Event: 103.828 Executing VM operation: ChangeSingleStep done
Event: 103.829 Executing VM operation: ChangeSingleStep
Event: 103.829 Executing VM operation: ChangeSingleStep done
Event: 103.843 Executing VM operation: GetOrSetLocal
Event: 103.843 Executing VM operation: GetOrSetLocal done
Event: 103.849 Executing VM operation: GetOrSetLocal
Event: 103.849 Executing VM operation: GetOrSetLocal done
Event: 103.887 Executing VM operation: GetOrSetLocal
Event: 103.887 Executing VM operation: GetOrSetLocal done


Dynamic libraries:
0x000000013f470000 - 0x000000013f4a3000 	C:\Program Files (x86)\Eclipse EE IDE\jre\bin\javaw.exe
0x00000000772b0000 - 0x0000000077459000 	C:\Windows\SYSTEM32\ntdll.dll
0x0000000076bb0000 - 0x0000000076ccf000 	C:\Windows\system32\kernel32.dll
0x000007fefd9d0000 - 0x000007fefda3c000 	C:\Windows\system32\KERNELBASE.dll
0x000007feff1a0000 - 0x000007feff27b000 	C:\Windows\system32\ADVAPI32.dll
0x000007fefddb0000 - 0x000007fefde4f000 	C:\Windows\system32\msvcrt.dll
0x000007fefdf60000 - 0x000007fefdf7f000 	C:\Windows\SYSTEM32\sechost.dll
0x000007feff490000 - 0x000007feff5bd000 	C:\Windows\system32\RPCRT4.dll
0x0000000076f90000 - 0x000000007708a000 	C:\Windows\system32\USER32.dll
0x000007fefe1f0000 - 0x000007fefe257000 	C:\Windows\system32\GDI32.dll
0x000007fefe1e0000 - 0x000007fefe1ee000 	C:\Windows\system32\LPK.dll
0x000007fefdae0000 - 0x000007fefdba9000 	C:\Windows\system32\USP10.dll
0x000007fefc1d0000 - 0x000007fefc3c4000 	C:\Windows\WinSxS\amd64_microsoft.windows.common-controls_6595b64144ccf1df_6.0.7601.17514_none_fa396087175ac9ac\COMCTL32.dll
0x000007feff100000 - 0x000007feff171000 	C:\Windows\system32\SHLWAPI.dll
0x000007fefe1b0000 - 0x000007fefe1de000 	C:\Windows\system32\IMM32.DLL
0x000007fefeff0000 - 0x000007feff0f9000 	C:\Windows\system32\MSCTF.dll
0x0000000055d10000 - 0x0000000055de1000 	C:\Program Files (x86)\Eclipse EE IDE\jre\bin\msvcr100.dll
0x0000000055df0000 - 0x00000000564ff000 	C:\Program Files (x86)\Eclipse EE IDE\jre\bin\server\jvm.dll
0x000007fef5070000 - 0x000007fef5079000 	C:\Windows\system32\WSOCK32.dll
0x000007fefdf80000 - 0x000007fefdfcd000 	C:\Windows\system32\WS2_32.dll
0x000007fefdf50000 - 0x000007fefdf58000 	C:\Windows\system32\NSI.dll
0x000007fefb700000 - 0x000007fefb73b000 	C:\Windows\system32\WINMM.dll
0x0000000077470000 - 0x0000000077477000 	C:\Windows\system32\PSAPI.DLL
0x000000005cb30000 - 0x000000005cb3f000 	C:\Program Files (x86)\Eclipse EE IDE\jre\bin\verify.dll
0x000000005cb00000 - 0x000000005cb28000 	C:\Program Files (x86)\Eclipse EE IDE\jre\bin\java.dll
0x0000000058a40000 - 0x0000000058a75000 	C:\Program Files (x86)\Eclipse EE IDE\jre\bin\jdwp.dll
0x0000000058f10000 - 0x0000000058f18000 	C:\Program Files (x86)\Eclipse EE IDE\jre\bin\npt.dll
0x000000005cae0000 - 0x000000005caf5000 	C:\Program Files (x86)\Eclipse EE IDE\jre\bin\zip.dll
0x0000000058f00000 - 0x0000000058f09000 	C:\Program Files (x86)\Eclipse EE IDE\jre\bin\dt_socket.dll
0x000007fefb6a0000 - 0x000007fefb6b5000 	C:\Windows\system32\NLAapi.dll
0x000007fef4c00000 - 0x000007fef4c15000 	C:\Windows\system32\napinsp.dll
0x000007fef4be0000 - 0x000007fef4bf9000 	C:\Windows\system32\pnrpnsp.dll
0x000007fefcf80000 - 0x000007fefcfd5000 	C:\Windows\System32\mswsock.dll
0x000007fefcdc0000 - 0x000007fefce1b000 	C:\Windows\system32\DNSAPI.dll
0x000007fef4bd0000 - 0x000007fef4bdb000 	C:\Windows\System32\winrnr.dll
0x000007fef4890000 - 0x000007fef48a0000 	C:\Windows\system32\wshbth.dll
0x000007fefab30000 - 0x000007fefab57000 	C:\Windows\system32\IPHLPAPI.DLL
0x000007fefab10000 - 0x000007fefab1b000 	C:\Windows\system32\WINNSI.DLL
0x000007fefa9a0000 - 0x000007fefa9f3000 	C:\Windows\System32\fwpuclnt.dll
0x000007fef4880000 - 0x000007fef4888000 	C:\Windows\system32\rasadhlp.dll
0x000007fefc930000 - 0x000007fefc937000 	C:\Windows\System32\wshtcpip.dll
0x0000000055b70000 - 0x0000000055d05000 	C:\Program Files (x86)\Eclipse EE IDE\jre\bin\awt.dll
0x000007fefdbb0000 - 0x000007fefdc87000 	C:\Windows\system32\OLEAUT32.dll
0x000007feff280000 - 0x000007feff483000 	C:\Windows\system32\ole32.dll
0x000007fefbc10000 - 0x000007fefbc28000 	C:\Windows\system32\DWMAPI.DLL
0x000007fefc170000 - 0x000007fefc1c6000 	C:\Windows\system32\uxtheme.dll
0x0000000010000000 - 0x0000000010015000 	C:\Program Files (x86)\Hardcopy\HcDLL2_K_x64.dll
0x000007fefd5e0000 - 0x000007fefd5ef000 	C:\Windows\system32\CRYPTBASE.dll
0x000007fefe260000 - 0x000007fefefe8000 	C:\Windows\system32\SHELL32.dll
0x0000000058f70000 - 0x0000000058faf000 	C:\Program Files (x86)\Eclipse EE IDE\jre\bin\fontmanager.dll
0x000000005cac0000 - 0x000000005cad9000 	C:\Program Files (x86)\Eclipse EE IDE\jre\bin\net.dll
0x000007fefcf70000 - 0x000007fefcf77000 	C:\Windows\System32\wship6.dll
0x000000005caa0000 - 0x000000005cab1000 	C:\Program Files (x86)\Eclipse EE IDE\jre\bin\nio.dll
0x0000000058f20000 - 0x0000000058f61000 	C:\Program Files (x86)\Eclipse EE IDE\jre\bin\t2k.dll
0x000007fefdc90000 - 0x000007fefdd29000 	C:\Windows\system32\CLBCatQ.DLL
0x000007fefbaa0000 - 0x000007fefbbca000 	C:\Windows\system32\WindowsCodecs.dll
0x000007fefd690000 - 0x000007fefd6e7000 	C:\Windows\system32\apphelp.dll
0x000007fef0f90000 - 0x000007fef0fc5000 	C:\Windows\system32\EhStorShell.dll
0x000007fefdfd0000 - 0x000007fefe1a7000 	C:\Windows\system32\SETUPAPI.dll
0x000007fefd820000 - 0x000007fefd856000 	C:\Windows\system32\CFGMGR32.dll
0x000007fefd7c0000 - 0x000007fefd7da000 	C:\Windows\system32\DEVOBJ.dll
0x000007fefbc30000 - 0x000007fefbd5c000 	C:\Windows\system32\PROPSYS.dll
0x000007feef6a0000 - 0x000007feefd0f000 	C:\PROGRA~1\MICROS~1\Office14\GROOVEEX.DLL
0x0000000073b10000 - 0x0000000073bad000 	C:\Windows\WinSxS\amd64_microsoft.vc90.crt_1fc8b3b9a1e18e3b_9.0.30729.4940_none_08e4299fa83d7e3c\MSVCR90.dll
0x0000000073a30000 - 0x0000000073b03000 	C:\Windows\WinSxS\amd64_microsoft.vc90.crt_1fc8b3b9a1e18e3b_9.0.30729.4940_none_08e4299fa83d7e3c\MSVCP90.dll
0x000000006bba0000 - 0x000000006bbcf000 	C:\Windows\WinSxS\amd64_microsoft.vc90.atl_1fc8b3b9a1e18e3b_9.0.30729.4148_none_0a1d2fcba76b3f00\ATL90.DLL
0x000007fef0810000 - 0x000007fef0c2a000 	C:\PROGRA~1\COMMON~1\MICROS~1\OFFICE14\Cultures\office.odf
0x000007feeee10000 - 0x000007feef69b000 	C:\PROGRA~1\MICROS~1\Office14\1031\GrooveIntlResource.dll
0x000007fef0f10000 - 0x000007fef0f8e000 	C:\Windows\System32\cscui.dll
0x000007fef2700000 - 0x000007fef270c000 	C:\Windows\System32\CSCDLL.dll
0x000007fef2bc0000 - 0x000007fef2bcf000 	C:\Windows\system32\CSCAPI.dll
0x000007fef0e90000 - 0x000007fef0f10000 	C:\Windows\system32\ntshrui.dll
0x000007fefd350000 - 0x000007fefd373000 	C:\Windows\system32\srvcli.dll
0x000007fefb5e0000 - 0x000007fefb5eb000 	C:\Windows\system32\slc.dll
0x000007fef9e30000 - 0x000007fef9f55000 	C:\Windows\system32\dbghelp.dll

VM Arguments:
jvm_args: -agentlib:jdwp=transport=dt_socket,suspend=y,address=localhost:56586 -Dfile.encoding=Cp1252 
java_command: de.StartSpiel
Launcher Type: SUN_STANDARD

Environment Variables:
CLASSPATH=LASSPATH;C:\Users\pr050736\Desktop\mysql-connector-java-gpl-5.1.33\mysql_connector_java_5.1.33_bin.jar
PATH=C:\Program Files (x86)\Eclipse EE IDE\jre\bin;C:/Program Files (x86)/Eclipse EE IDE/jre/bin/server;C:/Program Files (x86)/Eclipse EE IDE/jre/bin;C:/Program Files (x86)/Eclipse EE IDE/jre/lib/amd64;C:\Program Files (x86)\CA\SC\CAWIN\;C:\PROGRA~2\CA\SC\ETPKI\lib;C:\Windows\system32;C:\Windows;C:\Windows\System32\Wbem;C:\Windows\System32\WindowsPowerShell\v1.0\;C:\Windows\SysWOW64\Empirum;C:\Program Files\SafeNet\Authentication\SAC\x32;C:\Program Files\SafeNet\Authentication\SAC\x64;C:\Program Files\CA\SharedComponents\ScanEngine;C:\Program Files\CA\SharedComponents\CAUpdate\;C:\Program Files\CA\SharedComponents\ThirdParty\;C:\Program Files\CA\SharedComponents\SubscriptionLicense\;C:\Program Files\CA\eTrustITM;C:\Program Files (x86)\CA\SharedComponents\Csam\SockAdapter\\bin;C:\Program Files (x86)\CA\DSM\bin;C:\PROGRA~2\CA\SC\CAM\bin;C:\Program Files (x86)\Eclipse EE IDE;
USERNAME=PR050736
OS=Windows_NT
PROCESSOR_IDENTIFIER=Intel64 Family 6 Model 58 Stepping 9, GenuineIntel



---------------  S Y S T E M  ---------------

OS: Windows 7 , 64 bit Build 7601 Service Pack 1

CPU:total 4 (2 cores per cpu, 2 threads per core) family 6 model 58 stepping 9, cmov, cx8, fxsr, mmx, sse, sse2, sse3, ssse3, sse4.1, sse4.2, popcnt, avx, ht, tsc, tscinvbit, tscinv

Memory: 4k page, physical 8248856k(3277348k free), swap 16495848k(10029264k free)

vm_info: Java HotSpot(TM) 64-Bit Server VM (23.25-b01) for windows-amd64 JRE (1.7.0_25-b17), built on Jun 21 2013 12:58:32 by "java_re" with unknown MS VC++:1600

time: Mon Oct 27 04:02:21 2014
elapsed time: 103 seconds

